<?xml version="1.0" encoding="utf-8"?>
<coverage line-rate="0.2045" branch-rate="0.6022" version="1.9" timestamp="1762239023" lines-covered="452" lines-valid="2210" branches-covered="53" branches-valid="88">
  <sources>
    <source>C:\Users\Nazariy\Desktop\FarmsteadMap\</source>
  </sources>
  <packages>
    <package name="FarmsteadMap.BLL" line-rate="0.7792" branch-rate="0.7361" complexity="187">
      <classes>
        <class name="FarmsteadMap.BLL.Validators.LoginUserValidator" filename="FarmsteadMap.BLL\Validators\LoginUserValidator.cs" line-rate="1" branch-rate="1" complexity="1">
          <methods>
            <method name=".ctor" signature="()" line-rate="1" branch-rate="1" complexity="1">
              <lines>
                <line number="8" hits="12" branch="False" />
                <line number="9" hits="12" branch="False" />
                <line number="10" hits="12" branch="False" />
                <line number="11" hits="12" branch="False" />
                <line number="13" hits="12" branch="False" />
                <line number="14" hits="12" branch="False" />
                <line number="15" hits="12" branch="False" />
              </lines>
            </method>
          </methods>
          <lines>
            <line number="8" hits="12" branch="False" />
            <line number="9" hits="12" branch="False" />
            <line number="10" hits="12" branch="False" />
            <line number="11" hits="12" branch="False" />
            <line number="13" hits="12" branch="False" />
            <line number="14" hits="12" branch="False" />
            <line number="15" hits="12" branch="False" />
          </lines>
        </class>
        <class name="FarmsteadMap.BLL.Validators.RegisterUserValidator" filename="FarmsteadMap.BLL\Validators\RegisterUserValidator.cs" line-rate="1" branch-rate="1" complexity="1">
          <methods>
            <method name=".ctor" signature="()" line-rate="1" branch-rate="1" complexity="1">
              <lines>
                <line number="8" hits="12" branch="False" />
                <line number="9" hits="12" branch="False" />
                <line number="10" hits="12" branch="False" />
                <line number="11" hits="12" branch="False" />
                <line number="12" hits="12" branch="False" />
                <line number="14" hits="12" branch="False" />
                <line number="15" hits="12" branch="False" />
                <line number="16" hits="12" branch="False" />
                <line number="18" hits="12" branch="False" />
                <line number="19" hits="12" branch="False" />
                <line number="20" hits="12" branch="False" />
                <line number="22" hits="12" branch="False" />
                <line number="23" hits="12" branch="False" />
                <line number="24" hits="12" branch="False" />
                <line number="26" hits="12" branch="False" />
                <line number="27" hits="12" branch="False" />
                <line number="29" hits="12" branch="False" />
                <line number="30" hits="12" branch="False" />
                <line number="31" hits="12" branch="False" />
              </lines>
            </method>
          </methods>
          <lines>
            <line number="8" hits="12" branch="False" />
            <line number="9" hits="12" branch="False" />
            <line number="10" hits="12" branch="False" />
            <line number="11" hits="12" branch="False" />
            <line number="12" hits="12" branch="False" />
            <line number="14" hits="12" branch="False" />
            <line number="15" hits="12" branch="False" />
            <line number="16" hits="12" branch="False" />
            <line number="18" hits="12" branch="False" />
            <line number="19" hits="12" branch="False" />
            <line number="20" hits="12" branch="False" />
            <line number="22" hits="12" branch="False" />
            <line number="23" hits="12" branch="False" />
            <line number="24" hits="12" branch="False" />
            <line number="26" hits="12" branch="False" />
            <line number="27" hits="12" branch="False" />
            <line number="29" hits="12" branch="False" />
            <line number="30" hits="12" branch="False" />
            <line number="31" hits="12" branch="False" />
          </lines>
        </class>
        <class name="FarmsteadMap.BLL.Services.AuthService" filename="FarmsteadMap.BLL\Services\AuthService.cs" line-rate="1" branch-rate="1" complexity="1">
          <methods>
            <method name=".ctor" signature="(FarmsteadMap.DAL.Repositories.IUserRepository,AutoMapper.IMapper)" line-rate="1" branch-rate="1" complexity="1">
              <lines>
                <line number="12" hits="12" branch="False" />
                <line number="13" hits="12" branch="False" />
                <line number="16" hits="12" branch="False" />
                <line number="17" hits="12" branch="False" />
                <line number="18" hits="12" branch="False" />
                <line number="19" hits="12" branch="False" />
                <line number="20" hits="12" branch="False" />
              </lines>
            </method>
          </methods>
          <lines>
            <line number="12" hits="12" branch="False" />
            <line number="13" hits="12" branch="False" />
            <line number="16" hits="12" branch="False" />
            <line number="17" hits="12" branch="False" />
            <line number="18" hits="12" branch="False" />
            <line number="19" hits="12" branch="False" />
            <line number="20" hits="12" branch="False" />
          </lines>
        </class>
        <class name="FarmsteadMap.BLL.Services.AuthService/&lt;LoginAsync&gt;d__6" filename="FarmsteadMap.BLL\Services\AuthService.cs" line-rate="1" branch-rate="1" complexity="8">
          <methods>
            <method name="MoveNext" signature="()" line-rate="1" branch-rate="1" complexity="8">
              <lines>
                <line number="47" hits="5" branch="False" />
                <line number="48" hits="5" branch="False" />
                <line number="49" hits="5" branch="True" condition-coverage="100% (2/2)">
                  <conditions>
                    <condition number="62" type="jump" coverage="100%" />
                  </conditions>
                </line>
                <line number="50" hits="1" branch="False" />
                <line number="52" hits="4" branch="False" />
                <line number="54" hits="4" branch="True" condition-coverage="100% (4/4)">
                  <conditions>
                    <condition number="260" type="jump" coverage="100%" />
                    <condition number="283" type="jump" coverage="100%" />
                  </conditions>
                </line>
                <line number="55" hits="1" branch="False" />
                <line number="57" hits="3" branch="True" condition-coverage="100% (2/2)">
                  <conditions>
                    <condition number="349" type="jump" coverage="100%" />
                  </conditions>
                </line>
                <line number="58" hits="2" branch="False" />
                <line number="60" hits="1" branch="False" />
                <line number="61" hits="5" branch="False" />
              </lines>
            </method>
          </methods>
          <lines>
            <line number="47" hits="5" branch="False" />
            <line number="48" hits="5" branch="False" />
            <line number="49" hits="5" branch="True" condition-coverage="100% (2/2)">
              <conditions>
                <condition number="62" type="jump" coverage="100%" />
              </conditions>
            </line>
            <line number="50" hits="1" branch="False" />
            <line number="52" hits="4" branch="False" />
            <line number="54" hits="4" branch="True" condition-coverage="100% (4/4)">
              <conditions>
                <condition number="260" type="jump" coverage="100%" />
                <condition number="283" type="jump" coverage="100%" />
              </conditions>
            </line>
            <line number="55" hits="1" branch="False" />
            <line number="57" hits="3" branch="True" condition-coverage="100% (2/2)">
              <conditions>
                <condition number="349" type="jump" coverage="100%" />
              </conditions>
            </line>
            <line number="58" hits="2" branch="False" />
            <line number="60" hits="1" branch="False" />
            <line number="61" hits="5" branch="False" />
          </lines>
        </class>
        <class name="FarmsteadMap.BLL.Services.AuthService/&lt;RegisterAsync&gt;d__5" filename="FarmsteadMap.BLL\Services\AuthService.cs" line-rate="1" branch-rate="1" complexity="6">
          <methods>
            <method name="MoveNext" signature="()" line-rate="1" branch-rate="1" complexity="6">
              <lines>
                <line number="23" hits="7" branch="False" />
                <line number="24" hits="7" branch="False" />
                <line number="25" hits="7" branch="True" condition-coverage="100% (2/2)">
                  <conditions>
                    <condition number="87" type="jump" coverage="100%" />
                  </conditions>
                </line>
                <line number="26" hits="2" branch="False" />
                <line number="28" hits="5" branch="True" condition-coverage="100% (4/4)">
                  <conditions>
                    <condition number="296" type="jump" coverage="100%" />
                    <condition number="457" type="jump" coverage="100%" />
                  </conditions>
                </line>
                <line number="29" hits="5" branch="False" />
                <line number="30" hits="2" branch="False" />
                <line number="32" hits="3" branch="False" />
                <line number="33" hits="3" branch="False" />
                <line number="34" hits="3" branch="False" />
                <line number="35" hits="3" branch="False" />
                <line number="36" hits="3" branch="False" />
                <line number="37" hits="3" branch="False" />
                <line number="38" hits="3" branch="False" />
                <line number="39" hits="3" branch="False" />
                <line number="40" hits="3" branch="False" />
                <line number="41" hits="3" branch="False" />
                <line number="42" hits="3" branch="False" />
                <line number="43" hits="3" branch="False" />
                <line number="44" hits="7" branch="False" />
              </lines>
            </method>
          </methods>
          <lines>
            <line number="23" hits="7" branch="False" />
            <line number="24" hits="7" branch="False" />
            <line number="25" hits="7" branch="True" condition-coverage="100% (2/2)">
              <conditions>
                <condition number="87" type="jump" coverage="100%" />
              </conditions>
            </line>
            <line number="26" hits="2" branch="False" />
            <line number="28" hits="5" branch="True" condition-coverage="100% (4/4)">
              <conditions>
                <condition number="296" type="jump" coverage="100%" />
                <condition number="457" type="jump" coverage="100%" />
              </conditions>
            </line>
            <line number="29" hits="5" branch="False" />
            <line number="30" hits="2" branch="False" />
            <line number="32" hits="3" branch="False" />
            <line number="33" hits="3" branch="False" />
            <line number="34" hits="3" branch="False" />
            <line number="35" hits="3" branch="False" />
            <line number="36" hits="3" branch="False" />
            <line number="37" hits="3" branch="False" />
            <line number="38" hits="3" branch="False" />
            <line number="39" hits="3" branch="False" />
            <line number="40" hits="3" branch="False" />
            <line number="41" hits="3" branch="False" />
            <line number="42" hits="3" branch="False" />
            <line number="43" hits="3" branch="False" />
            <line number="44" hits="7" branch="False" />
          </lines>
        </class>
        <class name="FarmsteadMap.BLL.Services.CompatibilityService" filename="FarmsteadMap.BLL\Services\CompatibilityService.cs" line-rate="0.8695" branch-rate="1" complexity="3">
          <methods>
            <method name="AreElementsWithinDistance" signature="(FarmsteadMap.BLL.Data.DTO.MapElementDTO,FarmsteadMap.BLL.Data.DTO.MapElementDTO,System.Double)" line-rate="0.8125" branch-rate="1" complexity="1">
              <lines>
                <line number="166" hits="3" branch="False" />
                <line number="168" hits="3" branch="False" />
                <line number="169" hits="3" branch="False" />
                <line number="170" hits="3" branch="False" />
                <line number="171" hits="3" branch="False" />
                <line number="172" hits="3" branch="False" />
                <line number="173" hits="3" branch="False" />
                <line number="174" hits="3" branch="False" />
                <line number="175" hits="3" branch="False" />
                <line number="176" hits="3" branch="False" />
                <line number="178" hits="3" branch="False" />
                <line number="179" hits="3" branch="False" />
                <line number="181" hits="0" branch="False" />
                <line number="182" hits="0" branch="False" />
                <line number="183" hits="0" branch="False" />
                <line number="185" hits="3" branch="False" />
              </lines>
            </method>
            <method name="CalculateDistance" signature="(FarmsteadMap.BLL.Data.DTO.PointDTO,FarmsteadMap.BLL.Data.DTO.PointDTO)" line-rate="1" branch-rate="1" complexity="1">
              <lines>
                <line number="188" hits="3" branch="False" />
                <line number="189" hits="3" branch="False" />
                <line number="190" hits="3" branch="False" />
              </lines>
            </method>
            <method name=".ctor" signature="(FarmsteadMap.DAL.Repositories.IMapRepository)" line-rate="1" branch-rate="1" complexity="1">
              <lines>
                <line number="15" hits="6" branch="False" />
                <line number="16" hits="6" branch="False" />
                <line number="17" hits="6" branch="False" />
                <line number="18" hits="6" branch="False" />
              </lines>
            </method>
          </methods>
          <lines>
            <line number="166" hits="3" branch="False" />
            <line number="168" hits="3" branch="False" />
            <line number="169" hits="3" branch="False" />
            <line number="170" hits="3" branch="False" />
            <line number="171" hits="3" branch="False" />
            <line number="172" hits="3" branch="False" />
            <line number="173" hits="3" branch="False" />
            <line number="174" hits="3" branch="False" />
            <line number="175" hits="3" branch="False" />
            <line number="176" hits="3" branch="False" />
            <line number="178" hits="3" branch="False" />
            <line number="179" hits="3" branch="False" />
            <line number="181" hits="0" branch="False" />
            <line number="182" hits="0" branch="False" />
            <line number="183" hits="0" branch="False" />
            <line number="185" hits="3" branch="False" />
            <line number="188" hits="3" branch="False" />
            <line number="189" hits="3" branch="False" />
            <line number="190" hits="3" branch="False" />
            <line number="15" hits="6" branch="False" />
            <line number="16" hits="6" branch="False" />
            <line number="17" hits="6" branch="False" />
            <line number="18" hits="6" branch="False" />
          </lines>
        </class>
        <class name="FarmsteadMap.BLL.Services.CompatibilityService/&lt;&gt;c__DisplayClass10_0" filename="FarmsteadMap.BLL\Services\CompatibilityService.cs" line-rate="1" branch-rate="1" complexity="1">
          <methods>
            <method name="&lt;GetTreeNameAsync&gt;b__0" signature="(FarmsteadMap.DAL.Data.Models.TreeSort)" line-rate="1" branch-rate="1" complexity="1">
              <lines>
                <line number="197" hits="12" branch="False" />
              </lines>
            </method>
          </methods>
          <lines>
            <line number="197" hits="12" branch="False" />
          </lines>
        </class>
        <class name="FarmsteadMap.BLL.Services.CompatibilityService/&lt;&gt;c__DisplayClass11_0" filename="FarmsteadMap.BLL\Services\CompatibilityService.cs" line-rate="0" branch-rate="1" complexity="1">
          <methods>
            <method name="&lt;GetVegetableNameAsync&gt;b__0" signature="(FarmsteadMap.DAL.Data.Models.VegSort)" line-rate="0" branch-rate="1" complexity="1">
              <lines>
                <line number="211" hits="0" branch="False" />
              </lines>
            </method>
          </methods>
          <lines>
            <line number="211" hits="0" branch="False" />
          </lines>
        </class>
        <class name="FarmsteadMap.BLL.Services.CompatibilityService/&lt;CheckCompatibilityAsync&gt;d__7" filename="FarmsteadMap.BLL\Services\CompatibilityService.cs" line-rate="0.4571" branch-rate="0.5" complexity="16">
          <methods>
            <method name="MoveNext" signature="()" line-rate="0.4571" branch-rate="0.5" complexity="16">
              <lines>
                <line number="70" hits="4" branch="False" />
                <line number="72" hits="4" branch="False" />
                <line number="74" hits="4" branch="True" condition-coverage="75% (3/4)">
                  <conditions>
                    <condition number="101" type="jump" coverage="50%" />
                    <condition number="129" type="jump" coverage="100%" />
                  </conditions>
                </line>
                <line number="75" hits="3" branch="False" />
                <line number="76" hits="3" branch="False" />
                <line number="77" hits="3" branch="False" />
                <line number="79" hits="3" branch="True" condition-coverage="100% (2/2)">
                  <conditions>
                    <condition number="448" type="jump" coverage="100%" />
                  </conditions>
                </line>
                <line number="80" hits="1" branch="False" />
                <line number="81" hits="1" branch="False" />
                <line number="82" hits="1" branch="True" condition-coverage="50% (1/2)">
                  <conditions>
                    <condition number="613" type="jump" coverage="50%" />
                  </conditions>
                </line>
                <line number="83" hits="1" branch="False" />
                <line number="84" hits="1" branch="False" />
                <line number="85" hits="1" branch="False" />
                <line number="86" hits="1" branch="False" />
                <line number="87" hits="1" branch="False" />
                <line number="88" hits="1" branch="False" />
                <line number="89" hits="1" branch="False" />
                <line number="92" hits="0" branch="False" />
                <line number="93" hits="0" branch="False" />
                <line number="94" hits="0" branch="False" />
                <line number="95" hits="0" branch="False" />
                <line number="96" hits="0" branch="False" />
                <line number="97" hits="0" branch="False" />
                <line number="98" hits="0" branch="False" />
                <line number="102" hits="2" branch="False" />
                <line number="103" hits="2" branch="False" />
                <line number="104" hits="2" branch="False" />
                <line number="105" hits="2" branch="False" />
                <line number="106" hits="2" branch="False" />
                <line number="107" hits="2" branch="False" />
                <line number="108" hits="2" branch="False" />
                <line number="113" hits="1" branch="True" condition-coverage="50% (2/4)">
                  <conditions>
                    <condition number="1083" type="jump" coverage="50%" />
                    <condition number="1113" type="jump" coverage="50%" />
                  </conditions>
                </line>
                <line number="114" hits="0" branch="False" />
                <line number="115" hits="0" branch="False" />
                <line number="116" hits="0" branch="False" />
                <line number="118" hits="0" branch="True" condition-coverage="0% (0/2)">
                  <conditions>
                    <condition number="1435" type="jump" coverage="0%" />
                  </conditions>
                </line>
                <line number="119" hits="0" branch="False" />
                <line number="120" hits="0" branch="False" />
                <line number="121" hits="0" branch="True" condition-coverage="0% (0/2)">
                  <conditions>
                    <condition number="1600" type="jump" coverage="0%" />
                  </conditions>
                </line>
                <line number="122" hits="0" branch="False" />
                <line number="123" hits="0" branch="False" />
                <line number="124" hits="0" branch="False" />
                <line number="125" hits="0" branch="False" />
                <line number="126" hits="0" branch="False" />
                <line number="127" hits="0" branch="False" />
                <line number="128" hits="0" branch="False" />
                <line number="131" hits="0" branch="False" />
                <line number="132" hits="0" branch="False" />
                <line number="133" hits="0" branch="False" />
                <line number="134" hits="0" branch="False" />
                <line number="135" hits="0" branch="False" />
                <line number="136" hits="0" branch="False" />
                <line number="137" hits="0" branch="False" />
                <line number="141" hits="0" branch="False" />
                <line number="142" hits="0" branch="False" />
                <line number="143" hits="0" branch="False" />
                <line number="144" hits="0" branch="False" />
                <line number="145" hits="0" branch="False" />
                <line number="146" hits="0" branch="False" />
                <line number="147" hits="0" branch="False" />
                <line number="152" hits="1" branch="False" />
                <line number="153" hits="1" branch="False" />
                <line number="154" hits="1" branch="False" />
                <line number="155" hits="1" branch="False" />
                <line number="156" hits="1" branch="False" />
                <line number="157" hits="1" branch="False" />
                <line number="159" hits="0" branch="False" />
                <line number="160" hits="0" branch="False" />
                <line number="161" hits="0" branch="False" />
                <line number="163" hits="4" branch="False" />
              </lines>
            </method>
          </methods>
          <lines>
            <line number="70" hits="4" branch="False" />
            <line number="72" hits="4" branch="False" />
            <line number="74" hits="4" branch="True" condition-coverage="75% (3/4)">
              <conditions>
                <condition number="101" type="jump" coverage="50%" />
                <condition number="129" type="jump" coverage="100%" />
              </conditions>
            </line>
            <line number="75" hits="3" branch="False" />
            <line number="76" hits="3" branch="False" />
            <line number="77" hits="3" branch="False" />
            <line number="79" hits="3" branch="True" condition-coverage="100% (2/2)">
              <conditions>
                <condition number="448" type="jump" coverage="100%" />
              </conditions>
            </line>
            <line number="80" hits="1" branch="False" />
            <line number="81" hits="1" branch="False" />
            <line number="82" hits="1" branch="True" condition-coverage="50% (1/2)">
              <conditions>
                <condition number="613" type="jump" coverage="50%" />
              </conditions>
            </line>
            <line number="83" hits="1" branch="False" />
            <line number="84" hits="1" branch="False" />
            <line number="85" hits="1" branch="False" />
            <line number="86" hits="1" branch="False" />
            <line number="87" hits="1" branch="False" />
            <line number="88" hits="1" branch="False" />
            <line number="89" hits="1" branch="False" />
            <line number="92" hits="0" branch="False" />
            <line number="93" hits="0" branch="False" />
            <line number="94" hits="0" branch="False" />
            <line number="95" hits="0" branch="False" />
            <line number="96" hits="0" branch="False" />
            <line number="97" hits="0" branch="False" />
            <line number="98" hits="0" branch="False" />
            <line number="102" hits="2" branch="False" />
            <line number="103" hits="2" branch="False" />
            <line number="104" hits="2" branch="False" />
            <line number="105" hits="2" branch="False" />
            <line number="106" hits="2" branch="False" />
            <line number="107" hits="2" branch="False" />
            <line number="108" hits="2" branch="False" />
            <line number="113" hits="1" branch="True" condition-coverage="50% (2/4)">
              <conditions>
                <condition number="1083" type="jump" coverage="50%" />
                <condition number="1113" type="jump" coverage="50%" />
              </conditions>
            </line>
            <line number="114" hits="0" branch="False" />
            <line number="115" hits="0" branch="False" />
            <line number="116" hits="0" branch="False" />
            <line number="118" hits="0" branch="True" condition-coverage="0% (0/2)">
              <conditions>
                <condition number="1435" type="jump" coverage="0%" />
              </conditions>
            </line>
            <line number="119" hits="0" branch="False" />
            <line number="120" hits="0" branch="False" />
            <line number="121" hits="0" branch="True" condition-coverage="0% (0/2)">
              <conditions>
                <condition number="1600" type="jump" coverage="0%" />
              </conditions>
            </line>
            <line number="122" hits="0" branch="False" />
            <line number="123" hits="0" branch="False" />
            <line number="124" hits="0" branch="False" />
            <line number="125" hits="0" branch="False" />
            <line number="126" hits="0" branch="False" />
            <line number="127" hits="0" branch="False" />
            <line number="128" hits="0" branch="False" />
            <line number="131" hits="0" branch="False" />
            <line number="132" hits="0" branch="False" />
            <line number="133" hits="0" branch="False" />
            <line number="134" hits="0" branch="False" />
            <line number="135" hits="0" branch="False" />
            <line number="136" hits="0" branch="False" />
            <line number="137" hits="0" branch="False" />
            <line number="141" hits="0" branch="False" />
            <line number="142" hits="0" branch="False" />
            <line number="143" hits="0" branch="False" />
            <line number="144" hits="0" branch="False" />
            <line number="145" hits="0" branch="False" />
            <line number="146" hits="0" branch="False" />
            <line number="147" hits="0" branch="False" />
            <line number="152" hits="1" branch="False" />
            <line number="153" hits="1" branch="False" />
            <line number="154" hits="1" branch="False" />
            <line number="155" hits="1" branch="False" />
            <line number="156" hits="1" branch="False" />
            <line number="157" hits="1" branch="False" />
            <line number="159" hits="0" branch="False" />
            <line number="160" hits="0" branch="False" />
            <line number="161" hits="0" branch="False" />
            <line number="163" hits="4" branch="False" />
          </lines>
        </class>
        <class name="FarmsteadMap.BLL.Services.CompatibilityService/&lt;GetIncompatibleTreeIdsAsync&gt;d__5" filename="FarmsteadMap.BLL\Services\CompatibilityService.cs" line-rate="0.625" branch-rate="1" complexity="1">
          <methods>
            <method name="MoveNext" signature="()" line-rate="0.625" branch-rate="1" complexity="1">
              <lines>
                <line number="44" hits="1" branch="False" />
                <line number="46" hits="1" branch="False" />
                <line number="47" hits="1" branch="False" />
                <line number="48" hits="1" branch="False" />
                <line number="50" hits="0" branch="False" />
                <line number="51" hits="0" branch="False" />
                <line number="52" hits="0" branch="False" />
                <line number="54" hits="1" branch="False" />
              </lines>
            </method>
          </methods>
          <lines>
            <line number="44" hits="1" branch="False" />
            <line number="46" hits="1" branch="False" />
            <line number="47" hits="1" branch="False" />
            <line number="48" hits="1" branch="False" />
            <line number="50" hits="0" branch="False" />
            <line number="51" hits="0" branch="False" />
            <line number="52" hits="0" branch="False" />
            <line number="54" hits="1" branch="False" />
          </lines>
        </class>
        <class name="FarmsteadMap.BLL.Services.CompatibilityService/&lt;GetIncompatibleVegIdsAsync&gt;d__6" filename="FarmsteadMap.BLL\Services\CompatibilityService.cs" line-rate="0.625" branch-rate="1" complexity="1">
          <methods>
            <method name="MoveNext" signature="()" line-rate="0.625" branch-rate="1" complexity="1">
              <lines>
                <line number="57" hits="1" branch="False" />
                <line number="59" hits="1" branch="False" />
                <line number="60" hits="1" branch="False" />
                <line number="61" hits="1" branch="False" />
                <line number="63" hits="0" branch="False" />
                <line number="64" hits="0" branch="False" />
                <line number="65" hits="0" branch="False" />
                <line number="67" hits="1" branch="False" />
              </lines>
            </method>
          </methods>
          <lines>
            <line number="57" hits="1" branch="False" />
            <line number="59" hits="1" branch="False" />
            <line number="60" hits="1" branch="False" />
            <line number="61" hits="1" branch="False" />
            <line number="63" hits="0" branch="False" />
            <line number="64" hits="0" branch="False" />
            <line number="65" hits="0" branch="False" />
            <line number="67" hits="1" branch="False" />
          </lines>
        </class>
        <class name="FarmsteadMap.BLL.Services.CompatibilityService/&lt;GetTreeNameAsync&gt;d__10" filename="FarmsteadMap.BLL\Services\CompatibilityService.cs" line-rate="1" branch-rate="0.5" complexity="4">
          <methods>
            <method name="MoveNext" signature="()" line-rate="1" branch-rate="0.5" complexity="4">
              <lines>
                <line number="193" hits="6" branch="False" />
                <line number="195" hits="6" branch="False" />
                <line number="196" hits="6" branch="False" />
                <line number="198" hits="4" branch="True" condition-coverage="50% (2/4)">
                  <conditions>
                    <condition number="223" type="jump" coverage="50%" />
                    <condition number="235" type="jump" coverage="50%" />
                  </conditions>
                </line>
                <line number="200" hits="2" branch="False" />
                <line number="201" hits="2" branch="False" />
                <line number="202" hits="2" branch="False" />
                <line number="204" hits="6" branch="False" />
              </lines>
            </method>
          </methods>
          <lines>
            <line number="193" hits="6" branch="False" />
            <line number="195" hits="6" branch="False" />
            <line number="196" hits="6" branch="False" />
            <line number="198" hits="4" branch="True" condition-coverage="50% (2/4)">
              <conditions>
                <condition number="223" type="jump" coverage="50%" />
                <condition number="235" type="jump" coverage="50%" />
              </conditions>
            </line>
            <line number="200" hits="2" branch="False" />
            <line number="201" hits="2" branch="False" />
            <line number="202" hits="2" branch="False" />
            <line number="204" hits="6" branch="False" />
          </lines>
        </class>
        <class name="FarmsteadMap.BLL.Services.CompatibilityService/&lt;GetVegetableNameAsync&gt;d__11" filename="FarmsteadMap.BLL\Services\CompatibilityService.cs" line-rate="0" branch-rate="0" complexity="4">
          <methods>
            <method name="MoveNext" signature="()" line-rate="0" branch-rate="0" complexity="4">
              <lines>
                <line number="207" hits="0" branch="False" />
                <line number="209" hits="0" branch="False" />
                <line number="210" hits="0" branch="False" />
                <line number="212" hits="0" branch="True" condition-coverage="0% (0/4)">
                  <conditions>
                    <condition number="223" type="jump" coverage="0%" />
                    <condition number="235" type="jump" coverage="0%" />
                  </conditions>
                </line>
                <line number="214" hits="0" branch="False" />
                <line number="215" hits="0" branch="False" />
                <line number="216" hits="0" branch="False" />
                <line number="218" hits="0" branch="False" />
              </lines>
            </method>
          </methods>
          <lines>
            <line number="207" hits="0" branch="False" />
            <line number="209" hits="0" branch="False" />
            <line number="210" hits="0" branch="False" />
            <line number="212" hits="0" branch="True" condition-coverage="0% (0/4)">
              <conditions>
                <condition number="223" type="jump" coverage="0%" />
                <condition number="235" type="jump" coverage="0%" />
              </conditions>
            </line>
            <line number="214" hits="0" branch="False" />
            <line number="215" hits="0" branch="False" />
            <line number="216" hits="0" branch="False" />
            <line number="218" hits="0" branch="False" />
          </lines>
        </class>
        <class name="FarmsteadMap.BLL.Services.CompatibilityService/&lt;ValidateElementPlacementAsync&gt;d__4" filename="FarmsteadMap.BLL\Services\CompatibilityService.cs" line-rate="0.75" branch-rate="0.8332999999999999" complexity="6">
          <methods>
            <method name="MoveNext" signature="()" line-rate="0.75" branch-rate="0.8332999999999999" complexity="6">
              <lines>
                <line number="21" hits="2" branch="False" />
                <line number="23" hits="2" branch="False" />
                <line number="24" hits="9" branch="True" condition-coverage="100% (2/2)">
                  <conditions>
                    <condition number="328" type="jump" coverage="100%" />
                  </conditions>
                </line>
                <line number="25" hits="2" branch="False" />
                <line number="26" hits="2" branch="False" />
                <line number="27" hits="2" branch="True" condition-coverage="50% (1/2)">
                  <conditions>
                    <condition number="228" type="jump" coverage="50%" />
                  </conditions>
                </line>
                <line number="28" hits="0" branch="False" />
                <line number="30" hits="2" branch="True" condition-coverage="100% (2/2)">
                  <conditions>
                    <condition number="275" type="jump" coverage="100%" />
                  </conditions>
                </line>
                <line number="31" hits="1" branch="False" />
                <line number="32" hits="1" branch="False" />
                <line number="34" hits="1" branch="False" />
                <line number="35" hits="1" branch="False" />
                <line number="37" hits="0" branch="False" />
                <line number="38" hits="0" branch="False" />
                <line number="39" hits="0" branch="False" />
                <line number="41" hits="2" branch="False" />
              </lines>
            </method>
          </methods>
          <lines>
            <line number="21" hits="2" branch="False" />
            <line number="23" hits="2" branch="False" />
            <line number="24" hits="9" branch="True" condition-coverage="100% (2/2)">
              <conditions>
                <condition number="328" type="jump" coverage="100%" />
              </conditions>
            </line>
            <line number="25" hits="2" branch="False" />
            <line number="26" hits="2" branch="False" />
            <line number="27" hits="2" branch="True" condition-coverage="50% (1/2)">
              <conditions>
                <condition number="228" type="jump" coverage="50%" />
              </conditions>
            </line>
            <line number="28" hits="0" branch="False" />
            <line number="30" hits="2" branch="True" condition-coverage="100% (2/2)">
              <conditions>
                <condition number="275" type="jump" coverage="100%" />
              </conditions>
            </line>
            <line number="31" hits="1" branch="False" />
            <line number="32" hits="1" branch="False" />
            <line number="34" hits="1" branch="False" />
            <line number="35" hits="1" branch="False" />
            <line number="37" hits="0" branch="False" />
            <line number="38" hits="0" branch="False" />
            <line number="39" hits="0" branch="False" />
            <line number="41" hits="2" branch="False" />
          </lines>
        </class>
        <class name="FarmsteadMap.BLL.Services.MapService" filename="FarmsteadMap.BLL\Services\MapService.cs" line-rate="1" branch-rate="1" complexity="1">
          <methods>
            <method name=".ctor" signature="(FarmsteadMap.DAL.Repositories.IMapRepository,AutoMapper.IMapper)" line-rate="1" branch-rate="1" complexity="1">
              <lines>
                <line number="13" hits="7" branch="False" />
                <line number="14" hits="7" branch="False" />
                <line number="15" hits="7" branch="False" />
                <line number="16" hits="7" branch="False" />
                <line number="17" hits="7" branch="False" />
              </lines>
            </method>
          </methods>
          <lines>
            <line number="13" hits="7" branch="False" />
            <line number="14" hits="7" branch="False" />
            <line number="15" hits="7" branch="False" />
            <line number="16" hits="7" branch="False" />
            <line number="17" hits="7" branch="False" />
          </lines>
        </class>
        <class name="FarmsteadMap.BLL.Services.MapService/&lt;CreateMapAsync&gt;d__6" filename="FarmsteadMap.BLL\Services\MapService.cs" line-rate="0.6666" branch-rate="1" complexity="1">
          <methods>
            <method name="MoveNext" signature="()" line-rate="0.6666" branch-rate="1" complexity="1">
              <lines>
                <line number="71" hits="1" branch="False" />
                <line number="73" hits="1" branch="False" />
                <line number="74" hits="1" branch="False" />
                <line number="75" hits="1" branch="False" />
                <line number="76" hits="1" branch="False" />
                <line number="78" hits="0" branch="False" />
                <line number="79" hits="0" branch="False" />
                <line number="80" hits="0" branch="False" />
                <line number="82" hits="1" branch="False" />
              </lines>
            </method>
          </methods>
          <lines>
            <line number="71" hits="1" branch="False" />
            <line number="73" hits="1" branch="False" />
            <line number="74" hits="1" branch="False" />
            <line number="75" hits="1" branch="False" />
            <line number="76" hits="1" branch="False" />
            <line number="78" hits="0" branch="False" />
            <line number="79" hits="0" branch="False" />
            <line number="80" hits="0" branch="False" />
            <line number="82" hits="1" branch="False" />
          </lines>
        </class>
        <class name="FarmsteadMap.BLL.Services.MapService/&lt;DeleteMapAsync&gt;d__8" filename="FarmsteadMap.BLL\Services\MapService.cs" line-rate="0.7" branch-rate="0.5" complexity="2">
          <methods>
            <method name="MoveNext" signature="()" line-rate="0.7" branch-rate="0.5" complexity="2">
              <lines>
                <line number="104" hits="1" branch="False" />
                <line number="106" hits="1" branch="False" />
                <line number="107" hits="1" branch="False" />
                <line number="108" hits="1" branch="True" condition-coverage="50% (1/2)">
                  <conditions>
                    <condition number="159" type="jump" coverage="50%" />
                  </conditions>
                </line>
                <line number="109" hits="1" branch="False" />
                <line number="110" hits="1" branch="False" />
                <line number="112" hits="0" branch="False" />
                <line number="113" hits="0" branch="False" />
                <line number="114" hits="0" branch="False" />
                <line number="116" hits="1" branch="False" />
              </lines>
            </method>
          </methods>
          <lines>
            <line number="104" hits="1" branch="False" />
            <line number="106" hits="1" branch="False" />
            <line number="107" hits="1" branch="False" />
            <line number="108" hits="1" branch="True" condition-coverage="50% (1/2)">
              <conditions>
                <condition number="159" type="jump" coverage="50%" />
              </conditions>
            </line>
            <line number="109" hits="1" branch="False" />
            <line number="110" hits="1" branch="False" />
            <line number="112" hits="0" branch="False" />
            <line number="113" hits="0" branch="False" />
            <line number="114" hits="0" branch="False" />
            <line number="116" hits="1" branch="False" />
          </lines>
        </class>
        <class name="FarmsteadMap.BLL.Services.MapService/&lt;GetMapAsync&gt;d__3" filename="FarmsteadMap.BLL\Services\MapService.cs" line-rate="0.7" branch-rate="1" complexity="2">
          <methods>
            <method name="MoveNext" signature="()" line-rate="0.7" branch-rate="1" complexity="2">
              <lines>
                <line number="20" hits="2" branch="False" />
                <line number="22" hits="2" branch="False" />
                <line number="23" hits="2" branch="False" />
                <line number="24" hits="2" branch="True" condition-coverage="100% (2/2)">
                  <conditions>
                    <condition number="166" type="jump" coverage="100%" />
                  </conditions>
                </line>
                <line number="25" hits="2" branch="False" />
                <line number="26" hits="2" branch="False" />
                <line number="28" hits="0" branch="False" />
                <line number="29" hits="0" branch="False" />
                <line number="30" hits="0" branch="False" />
                <line number="32" hits="2" branch="False" />
              </lines>
            </method>
          </methods>
          <lines>
            <line number="20" hits="2" branch="False" />
            <line number="22" hits="2" branch="False" />
            <line number="23" hits="2" branch="False" />
            <line number="24" hits="2" branch="True" condition-coverage="100% (2/2)">
              <conditions>
                <condition number="166" type="jump" coverage="100%" />
              </conditions>
            </line>
            <line number="25" hits="2" branch="False" />
            <line number="26" hits="2" branch="False" />
            <line number="28" hits="0" branch="False" />
            <line number="29" hits="0" branch="False" />
            <line number="30" hits="0" branch="False" />
            <line number="32" hits="2" branch="False" />
          </lines>
        </class>
        <class name="FarmsteadMap.BLL.Services.MapService/&lt;GetMapElementsAsync&gt;d__5" filename="FarmsteadMap.BLL\Services\MapService.cs" line-rate="0.8125" branch-rate="1" complexity="1">
          <methods>
            <method name="MoveNext" signature="()" line-rate="0.8125" branch-rate="1" complexity="1">
              <lines>
                <line number="48" hits="1" branch="False" />
                <line number="50" hits="1" branch="False" />
                <line number="51" hits="1" branch="False" />
                <line number="52" hits="1" branch="False" />
                <line number="53" hits="1" branch="False" />
                <line number="55" hits="1" branch="False" />
                <line number="56" hits="1" branch="False" />
                <line number="57" hits="1" branch="False" />
                <line number="58" hits="1" branch="False" />
                <line number="59" hits="1" branch="False" />
                <line number="60" hits="1" branch="False" />
                <line number="62" hits="1" branch="False" />
                <line number="64" hits="0" branch="False" />
                <line number="65" hits="0" branch="False" />
                <line number="66" hits="0" branch="False" />
                <line number="68" hits="1" branch="False" />
              </lines>
            </method>
          </methods>
          <lines>
            <line number="48" hits="1" branch="False" />
            <line number="50" hits="1" branch="False" />
            <line number="51" hits="1" branch="False" />
            <line number="52" hits="1" branch="False" />
            <line number="53" hits="1" branch="False" />
            <line number="55" hits="1" branch="False" />
            <line number="56" hits="1" branch="False" />
            <line number="57" hits="1" branch="False" />
            <line number="58" hits="1" branch="False" />
            <line number="59" hits="1" branch="False" />
            <line number="60" hits="1" branch="False" />
            <line number="62" hits="1" branch="False" />
            <line number="64" hits="0" branch="False" />
            <line number="65" hits="0" branch="False" />
            <line number="66" hits="0" branch="False" />
            <line number="68" hits="1" branch="False" />
          </lines>
        </class>
        <class name="FarmsteadMap.BLL.Services.MapService/&lt;GetUserMapsAsync&gt;d__4" filename="FarmsteadMap.BLL\Services\MapService.cs" line-rate="0.625" branch-rate="1" complexity="1">
          <methods>
            <method name="MoveNext" signature="()" line-rate="0.625" branch-rate="1" complexity="1">
              <lines>
                <line number="35" hits="1" branch="False" />
                <line number="37" hits="1" branch="False" />
                <line number="38" hits="1" branch="False" />
                <line number="39" hits="1" branch="False" />
                <line number="41" hits="0" branch="False" />
                <line number="42" hits="0" branch="False" />
                <line number="43" hits="0" branch="False" />
                <line number="45" hits="1" branch="False" />
              </lines>
            </method>
          </methods>
          <lines>
            <line number="35" hits="1" branch="False" />
            <line number="37" hits="1" branch="False" />
            <line number="38" hits="1" branch="False" />
            <line number="39" hits="1" branch="False" />
            <line number="41" hits="0" branch="False" />
            <line number="42" hits="0" branch="False" />
            <line number="43" hits="0" branch="False" />
            <line number="45" hits="1" branch="False" />
          </lines>
        </class>
        <class name="FarmsteadMap.BLL.Services.MapService/&lt;UpdateMapAsync&gt;d__7" filename="FarmsteadMap.BLL\Services\MapService.cs" line-rate="0.6666" branch-rate="0.5" complexity="2">
          <methods>
            <method name="MoveNext" signature="()" line-rate="0.6666" branch-rate="0.5" complexity="2">
              <lines>
                <line number="85" hits="1" branch="False" />
                <line number="87" hits="1" branch="False" />
                <line number="88" hits="1" branch="False" />
                <line number="89" hits="1" branch="True" condition-coverage="50% (1/2)">
                  <conditions>
                    <condition number="190" type="jump" coverage="50%" />
                  </conditions>
                </line>
                <line number="90" hits="0" branch="False" />
                <line number="92" hits="1" branch="False" />
                <line number="93" hits="1" branch="False" />
                <line number="95" hits="1" branch="False" />
                <line number="97" hits="0" branch="False" />
                <line number="98" hits="0" branch="False" />
                <line number="99" hits="0" branch="False" />
                <line number="101" hits="1" branch="False" />
              </lines>
            </method>
          </methods>
          <lines>
            <line number="85" hits="1" branch="False" />
            <line number="87" hits="1" branch="False" />
            <line number="88" hits="1" branch="False" />
            <line number="89" hits="1" branch="True" condition-coverage="50% (1/2)">
              <conditions>
                <condition number="190" type="jump" coverage="50%" />
              </conditions>
            </line>
            <line number="90" hits="0" branch="False" />
            <line number="92" hits="1" branch="False" />
            <line number="93" hits="1" branch="False" />
            <line number="95" hits="1" branch="False" />
            <line number="97" hits="0" branch="False" />
            <line number="98" hits="0" branch="False" />
            <line number="99" hits="0" branch="False" />
            <line number="101" hits="1" branch="False" />
          </lines>
        </class>
        <class name="FarmsteadMap.BLL.Services.MapToolsService" filename="FarmsteadMap.BLL\Services\MapToolsService.cs" line-rate="0.9538" branch-rate="1" complexity="17">
          <methods>
            <method name="AddTreeElement" signature="(System.Int64,System.Double,System.Double)" line-rate="1" branch-rate="1" complexity="1">
              <lines>
                <line number="18" hits="1" branch="False" />
                <line number="19" hits="1" branch="False" />
                <line number="20" hits="1" branch="False" />
                <line number="21" hits="1" branch="False" />
                <line number="22" hits="1" branch="False" />
                <line number="23" hits="1" branch="False" />
                <line number="24" hits="1" branch="False" />
                <line number="25" hits="1" branch="False" />
                <line number="26" hits="1" branch="False" />
                <line number="27" hits="1" branch="False" />
              </lines>
            </method>
            <method name="AddVegetableElement" signature="(System.Int64,System.Double,System.Double)" line-rate="1" branch-rate="1" complexity="1">
              <lines>
                <line number="29" hits="3" branch="False" />
                <line number="30" hits="3" branch="False" />
                <line number="31" hits="3" branch="False" />
                <line number="32" hits="3" branch="False" />
                <line number="33" hits="3" branch="False" />
                <line number="34" hits="3" branch="False" />
                <line number="35" hits="3" branch="False" />
                <line number="36" hits="3" branch="False" />
                <line number="37" hits="3" branch="False" />
                <line number="38" hits="3" branch="False" />
              </lines>
            </method>
            <method name="AddFlowerElement" signature="(System.Int64,System.Double,System.Double)" line-rate="1" branch-rate="1" complexity="1">
              <lines>
                <line number="40" hits="1" branch="False" />
                <line number="41" hits="1" branch="False" />
                <line number="42" hits="1" branch="False" />
                <line number="43" hits="1" branch="False" />
                <line number="44" hits="1" branch="False" />
                <line number="45" hits="1" branch="False" />
                <line number="46" hits="1" branch="False" />
                <line number="47" hits="1" branch="False" />
                <line number="48" hits="1" branch="False" />
                <line number="49" hits="1" branch="False" />
              </lines>
            </method>
            <method name="AddMeasurement" signature="(System.Double,System.Double,System.Double,System.Double)" line-rate="1" branch-rate="1" complexity="1">
              <lines>
                <line number="51" hits="1" branch="False" />
                <line number="52" hits="1" branch="False" />
                <line number="53" hits="1" branch="False" />
                <line number="54" hits="1" branch="False" />
                <line number="55" hits="1" branch="False" />
                <line number="56" hits="1" branch="False" />
                <line number="57" hits="1" branch="False" />
                <line number="58" hits="1" branch="False" />
              </lines>
            </method>
            <method name="AddGardenBed" signature="(System.Double,System.Double,System.Double,System.Double,System.String)" line-rate="1" branch-rate="1" complexity="1">
              <lines>
                <line number="60" hits="2" branch="False" />
                <line number="61" hits="2" branch="False" />
                <line number="62" hits="2" branch="False" />
                <line number="63" hits="2" branch="False" />
                <line number="64" hits="2" branch="False" />
                <line number="65" hits="2" branch="False" />
                <line number="66" hits="2" branch="False" />
                <line number="67" hits="2" branch="False" />
              </lines>
            </method>
            <method name="ValidateElementPlacement" signature="(FarmsteadMap.BLL.Data.DTO.MapElementDTO,System.Collections.Generic.List`1&lt;FarmsteadMap.BLL.Data.DTO.MapElementDTO&gt;)" line-rate="0.75" branch-rate="1" complexity="4">
              <lines>
                <line number="130" hits="2" branch="False" />
                <line number="132" hits="2" branch="False" />
                <line number="133" hits="9" branch="True" condition-coverage="100% (2/2)">
                  <conditions>
                    <condition number="54" type="jump" coverage="100%" />
                  </conditions>
                </line>
                <line number="134" hits="2" branch="False" />
                <line number="135" hits="2" branch="True" condition-coverage="100% (2/2)">
                  <conditions>
                    <condition number="31" type="jump" coverage="100%" />
                  </conditions>
                </line>
                <line number="136" hits="1" branch="False" />
                <line number="137" hits="1" branch="False" />
                <line number="138" hits="1" branch="False" />
                <line number="140" hits="0" branch="False" />
                <line number="141" hits="0" branch="False" />
                <line number="142" hits="0" branch="False" />
                <line number="144" hits="2" branch="False" />
              </lines>
            </method>
            <method name="CalculateDistance" signature="(System.Double,System.Double,System.Double,System.Double)" line-rate="1" branch-rate="1" complexity="1">
              <lines>
                <line number="147" hits="3" branch="False" />
              </lines>
            </method>
            <method name="DoElementsOverlap" signature="(FarmsteadMap.BLL.Data.DTO.MapElementDTO,FarmsteadMap.BLL.Data.DTO.MapElementDTO)" line-rate="1" branch-rate="1" complexity="6">
              <lines>
                <line number="150" hits="2" branch="True" condition-coverage="100% (6/6)">
                  <conditions>
                    <condition number="19" type="jump" coverage="100%" />
                    <condition number="40" type="jump" coverage="100%" />
                    <condition number="61" type="jump" coverage="100%" />
                  </conditions>
                </line>
              </lines>
            </method>
            <method name=".ctor" signature="(FarmsteadMap.DAL.Repositories.IMapRepository,FarmsteadMap.BLL.Services.ICompatibilityService)" line-rate="1" branch-rate="1" complexity="1">
              <lines>
                <line number="12" hits="12" branch="False" />
                <line number="13" hits="12" branch="False" />
                <line number="14" hits="12" branch="False" />
                <line number="15" hits="12" branch="False" />
                <line number="16" hits="12" branch="False" />
              </lines>
            </method>
          </methods>
          <lines>
            <line number="18" hits="1" branch="False" />
            <line number="19" hits="1" branch="False" />
            <line number="20" hits="1" branch="False" />
            <line number="21" hits="1" branch="False" />
            <line number="22" hits="1" branch="False" />
            <line number="23" hits="1" branch="False" />
            <line number="24" hits="1" branch="False" />
            <line number="25" hits="1" branch="False" />
            <line number="26" hits="1" branch="False" />
            <line number="27" hits="1" branch="False" />
            <line number="29" hits="3" branch="False" />
            <line number="30" hits="3" branch="False" />
            <line number="31" hits="3" branch="False" />
            <line number="32" hits="3" branch="False" />
            <line number="33" hits="3" branch="False" />
            <line number="34" hits="3" branch="False" />
            <line number="35" hits="3" branch="False" />
            <line number="36" hits="3" branch="False" />
            <line number="37" hits="3" branch="False" />
            <line number="38" hits="3" branch="False" />
            <line number="40" hits="1" branch="False" />
            <line number="41" hits="1" branch="False" />
            <line number="42" hits="1" branch="False" />
            <line number="43" hits="1" branch="False" />
            <line number="44" hits="1" branch="False" />
            <line number="45" hits="1" branch="False" />
            <line number="46" hits="1" branch="False" />
            <line number="47" hits="1" branch="False" />
            <line number="48" hits="1" branch="False" />
            <line number="49" hits="1" branch="False" />
            <line number="51" hits="1" branch="False" />
            <line number="52" hits="1" branch="False" />
            <line number="53" hits="1" branch="False" />
            <line number="54" hits="1" branch="False" />
            <line number="55" hits="1" branch="False" />
            <line number="56" hits="1" branch="False" />
            <line number="57" hits="1" branch="False" />
            <line number="58" hits="1" branch="False" />
            <line number="60" hits="2" branch="False" />
            <line number="61" hits="2" branch="False" />
            <line number="62" hits="2" branch="False" />
            <line number="63" hits="2" branch="False" />
            <line number="64" hits="2" branch="False" />
            <line number="65" hits="2" branch="False" />
            <line number="66" hits="2" branch="False" />
            <line number="67" hits="2" branch="False" />
            <line number="130" hits="2" branch="False" />
            <line number="132" hits="2" branch="False" />
            <line number="133" hits="9" branch="True" condition-coverage="100% (2/2)">
              <conditions>
                <condition number="54" type="jump" coverage="100%" />
              </conditions>
            </line>
            <line number="134" hits="2" branch="False" />
            <line number="135" hits="2" branch="True" condition-coverage="100% (2/2)">
              <conditions>
                <condition number="31" type="jump" coverage="100%" />
              </conditions>
            </line>
            <line number="136" hits="1" branch="False" />
            <line number="137" hits="1" branch="False" />
            <line number="138" hits="1" branch="False" />
            <line number="140" hits="0" branch="False" />
            <line number="141" hits="0" branch="False" />
            <line number="142" hits="0" branch="False" />
            <line number="144" hits="2" branch="False" />
            <line number="147" hits="3" branch="False" />
            <line number="150" hits="2" branch="True" condition-coverage="100% (6/6)">
              <conditions>
                <condition number="19" type="jump" coverage="100%" />
                <condition number="40" type="jump" coverage="100%" />
                <condition number="61" type="jump" coverage="100%" />
              </conditions>
            </line>
            <line number="12" hits="12" branch="False" />
            <line number="13" hits="12" branch="False" />
            <line number="14" hits="12" branch="False" />
            <line number="15" hits="12" branch="False" />
            <line number="16" hits="12" branch="False" />
          </lines>
        </class>
        <class name="FarmsteadMap.BLL.Services.MapToolsService/&lt;AddTreeElementWithValidation&gt;d__8" filename="FarmsteadMap.BLL\Services\MapToolsService.cs" line-rate="0" branch-rate="0" complexity="2">
          <methods>
            <method name="MoveNext" signature="()" line-rate="0" branch-rate="0" complexity="2">
              <lines>
                <line number="70" hits="0" branch="False" />
                <line number="72" hits="0" branch="False" />
                <line number="73" hits="0" branch="False" />
                <line number="74" hits="0" branch="False" />
                <line number="76" hits="0" branch="True" condition-coverage="0% (0/2)">
                  <conditions>
                    <condition number="212" type="jump" coverage="0%" />
                  </conditions>
                </line>
                <line number="77" hits="0" branch="False" />
                <line number="78" hits="0" branch="False" />
                <line number="80" hits="0" branch="False" />
                <line number="81" hits="0" branch="False" />
                <line number="82" hits="0" branch="False" />
                <line number="84" hits="0" branch="False" />
              </lines>
            </method>
          </methods>
          <lines>
            <line number="70" hits="0" branch="False" />
            <line number="72" hits="0" branch="False" />
            <line number="73" hits="0" branch="False" />
            <line number="74" hits="0" branch="False" />
            <line number="76" hits="0" branch="True" condition-coverage="0% (0/2)">
              <conditions>
                <condition number="212" type="jump" coverage="0%" />
              </conditions>
            </line>
            <line number="77" hits="0" branch="False" />
            <line number="78" hits="0" branch="False" />
            <line number="80" hits="0" branch="False" />
            <line number="81" hits="0" branch="False" />
            <line number="82" hits="0" branch="False" />
            <line number="84" hits="0" branch="False" />
          </lines>
        </class>
        <class name="FarmsteadMap.BLL.Services.MapToolsService/&lt;AddVegetableElementWithValidation&gt;d__9" filename="FarmsteadMap.BLL\Services\MapToolsService.cs" line-rate="0.7272" branch-rate="1" complexity="2">
          <methods>
            <method name="MoveNext" signature="()" line-rate="0.7272" branch-rate="1" complexity="2">
              <lines>
                <line number="87" hits="2" branch="False" />
                <line number="89" hits="2" branch="False" />
                <line number="90" hits="2" branch="False" />
                <line number="91" hits="2" branch="False" />
                <line number="93" hits="2" branch="True" condition-coverage="100% (2/2)">
                  <conditions>
                    <condition number="212" type="jump" coverage="100%" />
                  </conditions>
                </line>
                <line number="94" hits="2" branch="False" />
                <line number="95" hits="2" branch="False" />
                <line number="97" hits="0" branch="False" />
                <line number="98" hits="0" branch="False" />
                <line number="99" hits="0" branch="False" />
                <line number="101" hits="2" branch="False" />
              </lines>
            </method>
          </methods>
          <lines>
            <line number="87" hits="2" branch="False" />
            <line number="89" hits="2" branch="False" />
            <line number="90" hits="2" branch="False" />
            <line number="91" hits="2" branch="False" />
            <line number="93" hits="2" branch="True" condition-coverage="100% (2/2)">
              <conditions>
                <condition number="212" type="jump" coverage="100%" />
              </conditions>
            </line>
            <line number="94" hits="2" branch="False" />
            <line number="95" hits="2" branch="False" />
            <line number="97" hits="0" branch="False" />
            <line number="98" hits="0" branch="False" />
            <line number="99" hits="0" branch="False" />
            <line number="101" hits="2" branch="False" />
          </lines>
        </class>
        <class name="FarmsteadMap.BLL.Services.MapToolsService/&lt;GetIncompatibleTreesAsync&gt;d__10" filename="FarmsteadMap.BLL\Services\MapToolsService.cs" line-rate="0" branch-rate="1" complexity="1">
          <methods>
            <method name="MoveNext" signature="()" line-rate="0" branch-rate="1" complexity="1">
              <lines>
                <line number="104" hits="0" branch="False" />
                <line number="106" hits="0" branch="False" />
                <line number="107" hits="0" branch="False" />
                <line number="108" hits="0" branch="False" />
                <line number="110" hits="0" branch="False" />
                <line number="111" hits="0" branch="False" />
                <line number="112" hits="0" branch="False" />
                <line number="114" hits="0" branch="False" />
              </lines>
            </method>
          </methods>
          <lines>
            <line number="104" hits="0" branch="False" />
            <line number="106" hits="0" branch="False" />
            <line number="107" hits="0" branch="False" />
            <line number="108" hits="0" branch="False" />
            <line number="110" hits="0" branch="False" />
            <line number="111" hits="0" branch="False" />
            <line number="112" hits="0" branch="False" />
            <line number="114" hits="0" branch="False" />
          </lines>
        </class>
        <class name="FarmsteadMap.BLL.Services.MapToolsService/&lt;GetIncompatibleVegetablesAsync&gt;d__11" filename="FarmsteadMap.BLL\Services\MapToolsService.cs" line-rate="0" branch-rate="1" complexity="1">
          <methods>
            <method name="MoveNext" signature="()" line-rate="0" branch-rate="1" complexity="1">
              <lines>
                <line number="117" hits="0" branch="False" />
                <line number="119" hits="0" branch="False" />
                <line number="120" hits="0" branch="False" />
                <line number="121" hits="0" branch="False" />
                <line number="123" hits="0" branch="False" />
                <line number="124" hits="0" branch="False" />
                <line number="125" hits="0" branch="False" />
                <line number="127" hits="0" branch="False" />
              </lines>
            </method>
          </methods>
          <lines>
            <line number="117" hits="0" branch="False" />
            <line number="119" hits="0" branch="False" />
            <line number="120" hits="0" branch="False" />
            <line number="121" hits="0" branch="False" />
            <line number="123" hits="0" branch="False" />
            <line number="124" hits="0" branch="False" />
            <line number="125" hits="0" branch="False" />
            <line number="127" hits="0" branch="False" />
          </lines>
        </class>
        <class name="FarmsteadMap.BLL.Services.UserService" filename="FarmsteadMap.BLL\Services\UserService.cs" line-rate="1" branch-rate="1" complexity="1">
          <methods>
            <method name=".ctor" signature="(FarmsteadMap.DAL.Repositories.IUserRepository,AutoMapper.IMapper)" line-rate="1" branch-rate="1" complexity="1">
              <lines>
                <line number="15" hits="15" branch="False" />
                <line number="16" hits="15" branch="False" />
                <line number="17" hits="15" branch="False" />
                <line number="18" hits="15" branch="False" />
                <line number="19" hits="15" branch="False" />
              </lines>
            </method>
          </methods>
          <lines>
            <line number="15" hits="15" branch="False" />
            <line number="16" hits="15" branch="False" />
            <line number="17" hits="15" branch="False" />
            <line number="18" hits="15" branch="False" />
            <line number="19" hits="15" branch="False" />
          </lines>
        </class>
        <class name="FarmsteadMap.BLL.Services.UserService/&lt;GetUserByEmailAsync&gt;d__4" filename="FarmsteadMap.BLL\Services\UserService.cs" line-rate="0.7272" branch-rate="1" complexity="2">
          <methods>
            <method name="MoveNext" signature="()" line-rate="0.7272" branch-rate="1" complexity="2">
              <lines>
                <line number="40" hits="3" branch="False" />
                <line number="42" hits="3" branch="False" />
                <line number="43" hits="3" branch="False" />
                <line number="45" hits="3" branch="True" condition-coverage="100% (2/2)">
                  <conditions>
                    <condition number="173" type="jump" coverage="100%" />
                  </conditions>
                </line>
                <line number="46" hits="2" branch="False" />
                <line number="48" hits="1" branch="False" />
                <line number="49" hits="1" branch="False" />
                <line number="51" hits="0" branch="False" />
                <line number="52" hits="0" branch="False" />
                <line number="53" hits="0" branch="False" />
                <line number="55" hits="3" branch="False" />
              </lines>
            </method>
          </methods>
          <lines>
            <line number="40" hits="3" branch="False" />
            <line number="42" hits="3" branch="False" />
            <line number="43" hits="3" branch="False" />
            <line number="45" hits="3" branch="True" condition-coverage="100% (2/2)">
              <conditions>
                <condition number="173" type="jump" coverage="100%" />
              </conditions>
            </line>
            <line number="46" hits="2" branch="False" />
            <line number="48" hits="1" branch="False" />
            <line number="49" hits="1" branch="False" />
            <line number="51" hits="0" branch="False" />
            <line number="52" hits="0" branch="False" />
            <line number="53" hits="0" branch="False" />
            <line number="55" hits="3" branch="False" />
          </lines>
        </class>
        <class name="FarmsteadMap.BLL.Services.UserService/&lt;GetUserByIdAsync&gt;d__3" filename="FarmsteadMap.BLL\Services\UserService.cs" line-rate="1" branch-rate="1" complexity="2">
          <methods>
            <method name="MoveNext" signature="()" line-rate="1" branch-rate="1" complexity="2">
              <lines>
                <line number="22" hits="6" branch="False" />
                <line number="24" hits="6" branch="False" />
                <line number="25" hits="6" branch="False" />
                <line number="27" hits="5" branch="True" condition-coverage="100% (2/2)">
                  <conditions>
                    <condition number="173" type="jump" coverage="100%" />
                  </conditions>
                </line>
                <line number="28" hits="1" branch="False" />
                <line number="30" hits="4" branch="False" />
                <line number="31" hits="4" branch="False" />
                <line number="33" hits="1" branch="False" />
                <line number="34" hits="1" branch="False" />
                <line number="35" hits="1" branch="False" />
                <line number="37" hits="6" branch="False" />
              </lines>
            </method>
          </methods>
          <lines>
            <line number="22" hits="6" branch="False" />
            <line number="24" hits="6" branch="False" />
            <line number="25" hits="6" branch="False" />
            <line number="27" hits="5" branch="True" condition-coverage="100% (2/2)">
              <conditions>
                <condition number="173" type="jump" coverage="100%" />
              </conditions>
            </line>
            <line number="28" hits="1" branch="False" />
            <line number="30" hits="4" branch="False" />
            <line number="31" hits="4" branch="False" />
            <line number="33" hits="1" branch="False" />
            <line number="34" hits="1" branch="False" />
            <line number="35" hits="1" branch="False" />
            <line number="37" hits="6" branch="False" />
          </lines>
        </class>
        <class name="FarmsteadMap.BLL.Services.UserService/&lt;GetUserByUsernameAsync&gt;d__5" filename="FarmsteadMap.BLL\Services\UserService.cs" line-rate="0.7272" branch-rate="1" complexity="2">
          <methods>
            <method name="MoveNext" signature="()" line-rate="0.7272" branch-rate="1" complexity="2">
              <lines>
                <line number="58" hits="2" branch="False" />
                <line number="60" hits="2" branch="False" />
                <line number="61" hits="2" branch="False" />
                <line number="63" hits="2" branch="True" condition-coverage="100% (2/2)">
                  <conditions>
                    <condition number="173" type="jump" coverage="100%" />
                  </conditions>
                </line>
                <line number="64" hits="1" branch="False" />
                <line number="66" hits="1" branch="False" />
                <line number="67" hits="1" branch="False" />
                <line number="69" hits="0" branch="False" />
                <line number="70" hits="0" branch="False" />
                <line number="71" hits="0" branch="False" />
                <line number="73" hits="2" branch="False" />
              </lines>
            </method>
          </methods>
          <lines>
            <line number="58" hits="2" branch="False" />
            <line number="60" hits="2" branch="False" />
            <line number="61" hits="2" branch="False" />
            <line number="63" hits="2" branch="True" condition-coverage="100% (2/2)">
              <conditions>
                <condition number="173" type="jump" coverage="100%" />
              </conditions>
            </line>
            <line number="64" hits="1" branch="False" />
            <line number="66" hits="1" branch="False" />
            <line number="67" hits="1" branch="False" />
            <line number="69" hits="0" branch="False" />
            <line number="70" hits="0" branch="False" />
            <line number="71" hits="0" branch="False" />
            <line number="73" hits="2" branch="False" />
          </lines>
        </class>
        <class name="FarmsteadMap.BLL.Services.UserService/&lt;GetUserDataAsync&gt;d__6" filename="FarmsteadMap.BLL\Services\UserService.cs" line-rate="1" branch-rate="1" complexity="2">
          <methods>
            <method name="MoveNext" signature="()" line-rate="1" branch-rate="1" complexity="2">
              <lines>
                <line number="76" hits="3" branch="False" />
                <line number="78" hits="3" branch="False" />
                <line number="79" hits="3" branch="False" />
                <line number="81" hits="2" branch="True" condition-coverage="100% (2/2)">
                  <conditions>
                    <condition number="173" type="jump" coverage="100%" />
                  </conditions>
                </line>
                <line number="82" hits="1" branch="False" />
                <line number="84" hits="1" branch="False" />
                <line number="85" hits="1" branch="False" />
                <line number="87" hits="1" branch="False" />
                <line number="88" hits="1" branch="False" />
                <line number="89" hits="1" branch="False" />
                <line number="91" hits="3" branch="False" />
              </lines>
            </method>
          </methods>
          <lines>
            <line number="76" hits="3" branch="False" />
            <line number="78" hits="3" branch="False" />
            <line number="79" hits="3" branch="False" />
            <line number="81" hits="2" branch="True" condition-coverage="100% (2/2)">
              <conditions>
                <condition number="173" type="jump" coverage="100%" />
              </conditions>
            </line>
            <line number="82" hits="1" branch="False" />
            <line number="84" hits="1" branch="False" />
            <line number="85" hits="1" branch="False" />
            <line number="87" hits="1" branch="False" />
            <line number="88" hits="1" branch="False" />
            <line number="89" hits="1" branch="False" />
            <line number="91" hits="3" branch="False" />
          </lines>
        </class>
        <class name="FarmsteadMap.BLL.Profiles.AutoMapperProfile" filename="FarmsteadMap.BLL\Profiles\AutoMapperProfile.cs" line-rate="1" branch-rate="1" complexity="1">
          <methods>
            <method name=".ctor" signature="()" line-rate="1" branch-rate="1" complexity="1">
              <lines>
[...]
            <method name="get_GroundType" signature="()" line-rate="1" branch-rate="1" complexity="1">
              <lines>
                <line number="7" hits="1" branch="False" />
              </lines>
            </method>
            <method name="get_Image" signature="()" line-rate="1" branch-rate="1" complexity="1">
              <lines>
                <line number="8" hits="1" branch="False" />
              </lines>
            </method>
          </methods>
          <lines>
            <line number="5" hits="2" branch="False" />
            <line number="6" hits="2" branch="False" />
            <line number="7" hits="1" branch="False" />
            <line number="8" hits="1" branch="False" />
          </lines>
        </class>
        <class name="FarmsteadMap.DAL.Data.Models.GardenBed" filename="FarmsteadMap.DAL\Data\Models\GardenBed.cs" line-rate="0" branch-rate="1" complexity="5">
          <methods>
            <method name="get_X" signature="()" line-rate="0" branch-rate="1" complexity="1">
              <lines>
                <line number="5" hits="0" branch="False" />
              </lines>
            </method>
            <method name="get_Y" signature="()" line-rate="0" branch-rate="1" complexity="1">
              <lines>
                <line number="6" hits="0" branch="False" />
              </lines>
            </method>
            <method name="get_Width" signature="()" line-rate="0" branch-rate="1" complexity="1">
              <lines>
                <line number="7" hits="0" branch="False" />
              </lines>
            </method>
            <method name="get_Height" signature="()" line-rate="0" branch-rate="1" complexity="1">
              <lines>
                <line number="8" hits="0" branch="False" />
              </lines>
            </method>
            <method name="get_Shape" signature="()" line-rate="0" branch-rate="1" complexity="1">
              <lines>
                <line number="9" hits="0" branch="False" />
              </lines>
            </method>
          </methods>
          <lines>
            <line number="5" hits="0" branch="False" />
            <line number="6" hits="0" branch="False" />
            <line number="7" hits="0" branch="False" />
            <line number="8" hits="0" branch="False" />
            <line number="9" hits="0" branch="False" />
          </lines>
        </class>
        <class name="FarmsteadMap.DAL.Data.Models.Map" filename="FarmsteadMap.DAL\Data\Models\Map.cs" line-rate="1" branch-rate="1" complexity="5">
          <methods>
            <method name="get_Id" signature="()" line-rate="1" branch-rate="1" complexity="1">
              <lines>
                <line number="5" hits="8" branch="False" />
              </lines>
            </method>
            <method name="get_Name" signature="()" line-rate="1" branch-rate="1" complexity="1">
              <lines>
                <line number="6" hits="9" branch="False" />
              </lines>
            </method>
            <method name="get_MapJson" signature="()" line-rate="1" branch-rate="1" complexity="1">
              <lines>
                <line number="7" hits="3" branch="False" />
              </lines>
            </method>
            <method name="get_IsPrivate" signature="()" line-rate="1" branch-rate="1" complexity="1">
              <lines>
                <line number="8" hits="5" branch="False" />
              </lines>
            </method>
            <method name="get_UserId" signature="()" line-rate="1" branch-rate="1" complexity="1">
              <lines>
                <line number="9" hits="5" branch="False" />
              </lines>
            </method>
          </methods>
          <lines>
            <line number="5" hits="8" branch="False" />
            <line number="6" hits="9" branch="False" />
            <line number="7" hits="3" branch="False" />
            <line number="8" hits="5" branch="False" />
            <line number="9" hits="5" branch="False" />
          </lines>
        </class>
        <class name="FarmsteadMap.DAL.Data.Models.MapData" filename="FarmsteadMap.DAL\Data\Models\MapData.cs" line-rate="0" branch-rate="1" complexity="6">
          <methods>
            <method name="get_Name" signature="()" line-rate="0" branch-rate="1" complexity="1">
              <lines>
                <line number="5" hits="0" branch="False" />
              </lines>
            </method>
            <method name="get_Elements" signature="()" line-rate="0" branch-rate="1" complexity="1">
              <lines>
                <line number="6" hits="0" branch="False" />
              </lines>
            </method>
            <method name="get_Measurements" signature="()" line-rate="0" branch-rate="1" complexity="1">
              <lines>
                <line number="7" hits="0" branch="False" />
              </lines>
            </method>
            <method name="get_GardenBeds" signature="()" line-rate="0" branch-rate="1" complexity="1">
              <lines>
                <line number="8" hits="0" branch="False" />
              </lines>
            </method>
            <method name="get_CreatedAt" signature="()" line-rate="0" branch-rate="1" complexity="1">
              <lines>
                <line number="9" hits="0" branch="False" />
              </lines>
            </method>
            <method name="get_UpdatedAt" signature="()" line-rate="0" branch-rate="1" complexity="1">
              <lines>
                <line number="10" hits="0" branch="False" />
              </lines>
            </method>
          </methods>
          <lines>
            <line number="5" hits="0" branch="False" />
            <line number="6" hits="0" branch="False" />
            <line number="7" hits="0" branch="False" />
            <line number="8" hits="0" branch="False" />
            <line number="9" hits="0" branch="False" />
            <line number="10" hits="0" branch="False" />
          </lines>
        </class>
        <class name="FarmsteadMap.DAL.Data.Models.MapElement" filename="FarmsteadMap.DAL\Data\Models\MapElement.cs" line-rate="0" branch-rate="1" complexity="7">
          <methods>
            <method name="get_Type" signature="()" line-rate="0" branch-rate="1" complexity="1">
              <lines>
                <line number="5" hits="0" branch="False" />
              </lines>
            </method>
            <method name="get_ElementId" signature="()" line-rate="0" branch-rate="1" complexity="1">
              <lines>
                <line number="6" hits="0" branch="False" />
              </lines>
            </method>
            <method name="get_X" signature="()" line-rate="0" branch-rate="1" complexity="1">
              <lines>
                <line number="7" hits="0" branch="False" />
              </lines>
            </method>
            <method name="get_Y" signature="()" line-rate="0" branch-rate="1" complexity="1">
              <lines>
                <line number="8" hits="0" branch="False" />
              </lines>
            </method>
            <method name="get_Width" signature="()" line-rate="0" branch-rate="1" complexity="1">
              <lines>
                <line number="9" hits="0" branch="False" />
              </lines>
            </method>
            <method name="get_Height" signature="()" line-rate="0" branch-rate="1" complexity="1">
              <lines>
                <line number="10" hits="0" branch="False" />
              </lines>
            </method>
            <method name="get_Rotation" signature="()" line-rate="0" branch-rate="1" complexity="1">
              <lines>
                <line number="11" hits="0" branch="False" />
              </lines>
            </method>
          </methods>
          <lines>
            <line number="5" hits="0" branch="False" />
            <line number="6" hits="0" branch="False" />
            <line number="7" hits="0" branch="False" />
            <line number="8" hits="0" branch="False" />
            <line number="9" hits="0" branch="False" />
            <line number="10" hits="0" branch="False" />
            <line number="11" hits="0" branch="False" />
          </lines>
        </class>
        <class name="FarmsteadMap.DAL.Data.Models.MeasurementLine" filename="FarmsteadMap.DAL\Data\Models\MeasurementLine.cs" line-rate="0" branch-rate="1" complexity="5">
          <methods>
            <method name="get_StartX" signature="()" line-rate="0" branch-rate="1" complexity="1">
              <lines>
                <line number="5" hits="0" branch="False" />
              </lines>
            </method>
            <method name="get_StartY" signature="()" line-rate="0" branch-rate="1" complexity="1">
              <lines>
                <line number="6" hits="0" branch="False" />
              </lines>
            </method>
            <method name="get_EndX" signature="()" line-rate="0" branch-rate="1" complexity="1">
              <lines>
                <line number="7" hits="0" branch="False" />
              </lines>
            </method>
            <method name="get_EndY" signature="()" line-rate="0" branch-rate="1" complexity="1">
              <lines>
                <line number="8" hits="0" branch="False" />
              </lines>
            </method>
            <method name="get_Length" signature="()" line-rate="0" branch-rate="1" complexity="1">
              <lines>
                <line number="9" hits="0" branch="False" />
              </lines>
            </method>
          </methods>
          <lines>
            <line number="5" hits="0" branch="False" />
            <line number="6" hits="0" branch="False" />
            <line number="7" hits="0" branch="False" />
            <line number="8" hits="0" branch="False" />
            <line number="9" hits="0" branch="False" />
          </lines>
        </class>
        <class name="FarmsteadMap.DAL.Data.Models.Tree" filename="FarmsteadMap.DAL\Data\Models\Tree.cs" line-rate="0.6666" branch-rate="1" complexity="3">
          <methods>
            <method name="get_Id" signature="()" line-rate="0" branch-rate="1" complexity="1">
              <lines>
                <line number="5" hits="0" branch="False" />
              </lines>
            </method>
            <method name="get_Name" signature="()" line-rate="1" branch-rate="1" complexity="1">
              <lines>
                <line number="6" hits="2" branch="False" />
              </lines>
            </method>
            <method name="get_Image" signature="()" line-rate="1" branch-rate="1" complexity="1">
              <lines>
                <line number="7" hits="2" branch="False" />
              </lines>
            </method>
          </methods>
          <lines>
            <line number="5" hits="0" branch="False" />
            <line number="6" hits="2" branch="False" />
            <line number="7" hits="2" branch="False" />
          </lines>
        </class>
        <class name="FarmsteadMap.DAL.Data.Models.TreeIncompatibility" filename="FarmsteadMap.DAL\Data\Models\TreeIncompatibility.cs" line-rate="0" branch-rate="1" complexity="2">
          <methods>
            <method name="get_Tree1Id" signature="()" line-rate="0" branch-rate="1" complexity="1">
              <lines>
                <line number="5" hits="0" branch="False" />
              </lines>
            </method>
            <method name="get_Tree2Id" signature="()" line-rate="0" branch-rate="1" complexity="1">
              <lines>
                <line number="6" hits="0" branch="False" />
              </lines>
            </method>
          </methods>
          <lines>
            <line number="5" hits="0" branch="False" />
            <line number="6" hits="0" branch="False" />
          </lines>
        </class>
        <class name="FarmsteadMap.DAL.Data.Models.TreeSort" filename="FarmsteadMap.DAL\Data\Models\TreeSort.cs" line-rate="1" branch-rate="1" complexity="5">
          <methods>
            <method name="get_Id" signature="()" line-rate="1" branch-rate="1" complexity="1">
              <lines>
                <line number="5" hits="12" branch="False" />
              </lines>
            </method>
            <method name="get_Name" signature="()" line-rate="1" branch-rate="1" complexity="1">
              <lines>
                <line number="6" hits="10" branch="False" />
              </lines>
            </method>
            <method name="get_GroundType" signature="()" line-rate="1" branch-rate="1" complexity="1">
              <lines>
                <line number="7" hits="1" branch="False" />
              </lines>
            </method>
            <method name="get_TreeId" signature="()" line-rate="1" branch-rate="1" complexity="1">
              <lines>
                <line number="8" hits="1" branch="False" />
              </lines>
            </method>
            <method name="get_Tree" signature="()" line-rate="1" branch-rate="1" complexity="1">
              <lines>
                <line number="9" hits="3" branch="False" />
              </lines>
            </method>
          </methods>
          <lines>
            <line number="5" hits="12" branch="False" />
            <line number="6" hits="10" branch="False" />
            <line number="7" hits="1" branch="False" />
            <line number="8" hits="1" branch="False" />
            <line number="9" hits="3" branch="False" />
          </lines>
        </class>
        <class name="FarmsteadMap.DAL.Data.Models.User" filename="FarmsteadMap.DAL\Data\Models\User.cs" line-rate="1" branch-rate="1" complexity="9">
          <methods>
            <method name="get_Id" signature="()" line-rate="1" branch-rate="1" complexity="1">
              <lines>
                <line number="5" hits="23" branch="False" />
              </lines>
            </method>
            <method name="get_Email" signature="()" line-rate="1" branch-rate="1" complexity="1">
              <lines>
                <line number="6" hits="25" branch="False" />
              </lines>
            </method>
            <method name="get_Password" signature="()" line-rate="1" branch-rate="1" complexity="1">
              <lines>
                <line number="7" hits="19" branch="False" />
              </lines>
            </method>
            <method name="get_Username" signature="()" line-rate="1" branch-rate="1" complexity="1">
              <lines>
                <line number="8" hits="25" branch="False" />
              </lines>
            </method>
            <method name="get_IsSuperuser" signature="()" line-rate="1" branch-rate="1" complexity="1">
              <lines>
                <line number="9" hits="18" branch="False" />
              </lines>
            </method>
            <method name="get_Firstname" signature="()" line-rate="1" branch-rate="1" complexity="1">
              <lines>
                <line number="10" hits="21" branch="False" />
              </lines>
            </method>
            <method name="get_Lastname" signature="()" line-rate="1" branch-rate="1" complexity="1">
              <lines>
                <line number="11" hits="21" branch="False" />
              </lines>
            </method>
            <method name="get_IsActive" signature="()" line-rate="1" branch-rate="1" complexity="1">
              <lines>
                <line number="12" hits="28" branch="False" />
              </lines>
            </method>
            <method name="get_Avatar" signature="()" line-rate="1" branch-rate="1" complexity="1">
              <lines>
                <line number="13" hits="18" branch="False" />
              </lines>
            </method>
          </methods>
          <lines>
            <line number="5" hits="23" branch="False" />
            <line number="6" hits="25" branch="False" />
            <line number="7" hits="19" branch="False" />
            <line number="8" hits="25" branch="False" />
            <line number="9" hits="18" branch="False" />
            <line number="10" hits="21" branch="False" />
            <line number="11" hits="21" branch="False" />
            <line number="12" hits="28" branch="False" />
            <line number="13" hits="18" branch="False" />
          </lines>
        </class>
        <class name="FarmsteadMap.DAL.Data.Models.Vegetable" filename="FarmsteadMap.DAL\Data\Models\Vegetable.cs" line-rate="0.5" branch-rate="1" complexity="2">
          <methods>
            <method name="get_Id" signature="()" line-rate="0" branch-rate="1" complexity="1">
              <lines>
                <line number="5" hits="0" branch="False" />
              </lines>
            </method>
            <method name="get_Name" signature="()" line-rate="1" branch-rate="1" complexity="1">
              <lines>
                <line number="6" hits="2" branch="False" />
              </lines>
            </method>
          </methods>
          <lines>
            <line number="5" hits="0" branch="False" />
            <line number="6" hits="2" branch="False" />
          </lines>
        </class>
        <class name="FarmsteadMap.DAL.Data.Models.VegIncompatibility" filename="FarmsteadMap.DAL\Data\Models\VegIncompatibility.cs" line-rate="0" branch-rate="1" complexity="2">
          <methods>
            <method name="get_Veg1Id" signature="()" line-rate="0" branch-rate="1" complexity="1">
              <lines>
                <line number="5" hits="0" branch="False" />
              </lines>
            </method>
            <method name="get_Veg2Id" signature="()" line-rate="0" branch-rate="1" complexity="1">
              <lines>
                <line number="6" hits="0" branch="False" />
              </lines>
            </method>
          </methods>
          <lines>
            <line number="5" hits="0" branch="False" />
            <line number="6" hits="0" branch="False" />
          </lines>
        </class>
        <class name="FarmsteadMap.DAL.Data.Models.VegSort" filename="FarmsteadMap.DAL\Data\Models\VegSort.cs" line-rate="1" branch-rate="1" complexity="6">
          <methods>
            <method name="get_Id" signature="()" line-rate="1" branch-rate="1" complexity="1">
              <lines>
                <line number="5" hits="2" branch="False" />
              </lines>
            </method>
            <method name="get_Name" signature="()" line-rate="1" branch-rate="1" complexity="1">
              <lines>
                <line number="6" hits="2" branch="False" />
              </lines>
            </method>
            <method name="get_Image" signature="()" line-rate="1" branch-rate="1" complexity="1">
              <lines>
                <line number="7" hits="1" branch="False" />
              </lines>
            </method>
            <method name="get_GroundType" signature="()" line-rate="1" branch-rate="1" complexity="1">
              <lines>
                <line number="8" hits="1" branch="False" />
              </lines>
            </method>
            <method name="get_VegId" signature="()" line-rate="1" branch-rate="1" complexity="1">
              <lines>
                <line number="9" hits="1" branch="False" />
              </lines>
            </method>
            <method name="get_Vegetable" signature="()" line-rate="1" branch-rate="1" complexity="1">
              <lines>
                <line number="10" hits="2" branch="False" />
              </lines>
            </method>
          </methods>
          <lines>
            <line number="5" hits="2" branch="False" />
            <line number="6" hits="2" branch="False" />
            <line number="7" hits="1" branch="False" />
            <line number="8" hits="1" branch="False" />
            <line number="9" hits="1" branch="False" />
            <line number="10" hits="2" branch="False" />
          </lines>
        </class>
      </classes>
    </package>
  </packages>
</coverage>